#
# A fatal error has been detected by the Java Runtime Environment:
#
#  EXCEPTION_ACCESS_VIOLATION (0xc0000005) at pc=0x00007ffec808da59, pid=16112, tid=21380
#
# JRE version: OpenJDK Runtime Environment Temurin-17.0.3+7 (17.0.3+7) (build 17.0.3+7)
# Java VM: OpenJDK 64-Bit Server VM Temurin-17.0.3+7 (17.0.3+7, mixed mode, emulated-client, tiered, compressed oops, compressed class ptrs, g1 gc, windows-amd64)
# Problematic frame:
# V  [jvm.dll+0x23da59]
#
# No core dump will be written. Minidumps are not enabled by default on client versions of Windows
#
# If you would like to submit a bug report, please visit:
#   https://github.com/adoptium/adoptium-support/issues
#

---------------  S U M M A R Y ------------

Command Line: -XX:+ShowCodeDetailsInExceptionMessages -agentlib:jdwp=transport=dt_socket,suspend=y,address=localhost:61107 -Dcom.sun.management.jmxremote -Dcom.sun.management.jmxremote.port=61105 -Dcom.sun.management.jmxremote.authenticate=false -Dcom.sun.management.jmxremote.ssl=false -Djava.rmi.server.hostname=localhost -Dspring.jmx.enabled=true -Dspring.application.admin.enabled=true -XX:TieredStopAtLevel=1 -Dspring.boot.project.name=SpringReply -javaagent:C:\Users\501-01\Downloads\spring-tool-suite-4-4.15.0.RELEASE-e4.24.0-win32.win32.x86_64.self-extracting\contents\sts-4.15.0.RELEASE\configuration\org.eclipse.osgi\258\0\.cp\lib\javaagent-shaded.jar -Dfile.encoding=UTF-8 kr.ac.kopo.ctc.spring.replyBoard.SpringReplyApplication --spring.output.ansi.enabled=always

Host: Intel(R) Xeon(R) CPU E3-1231 v3 @ 3.40GHz, 8 cores, 31G,  Windows 10 , 64 bit Build 19041 (10.0.19041.1806)
Time: Fri Jul 22 10:49:01 2022  Windows 10 , 64 bit Build 19041 (10.0.19041.1806) elapsed time: 195.606156 seconds (0d 0h 3m 15s)

---------------  T H R E A D  ---------------

Current thread (0x000002a054510920):  VMThread "VM Thread" [stack: 0x000000b5f2200000,0x000000b5f2300000] [id=21380]

Stack: [0x000000b5f2200000,0x000000b5f2300000],  sp=0x000000b5f22ff130,  free space=1020k
Native frames: (J=compiled Java code, j=interpreted, Vv=VM code, C=native code)
V  [jvm.dll+0x23da59]
V  [jvm.dll+0x62b443]
V  [jvm.dll+0x62be01]
V  [jvm.dll+0x529add]
V  [jvm.dll+0x52d708]
V  [jvm.dll+0x52b4fb]
V  [jvm.dll+0x836cdb]
V  [jvm.dll+0x837a14]
V  [jvm.dll+0x837f2c]
V  [jvm.dll+0x838304]
V  [jvm.dll+0x8383d0]
V  [jvm.dll+0x7e0cfa]
V  [jvm.dll+0x674d85]
C  [ucrtbase.dll+0x21bb2]
C  [KERNEL32.DLL+0x17034]
C  [ntdll.dll+0x52651]


siginfo: EXCEPTION_ACCESS_VIOLATION (0xc0000005), reading address 0x000002a05b594000


Register to memory mapping:

RIP=0x00007ffec808da59 jvm.dll
RAX=2097152 is a compressed pointer to class: 0x0000000800200000
org.springframework.core.convert.support.StringToPropertiesConverter {0x0000000800200008}
 - instance size:     2
 - klass size:        69
 - access:            final synchronized 
 - state:             fully_initialized
 - name:              'org/springframework/core/convert/support/StringToPropertiesConverter'
 - super:             'java/lang/Object'
 - sub:               
 - arrays:            NULL
 - methods:           Array<T>(0x000002a0578387f0)
 - method ordering:   Array<T>(0x000002a057838a80)
 - default_methods:   Array<T>(0x000002a057838a90)
 - default vtable indices:   Array<T>(0x000002a057838aa0)
 - local interfaces:  Array<T>(0x000002a0578387d0)
 - trans. interfaces: Array<T>(0x000002a0578387d0)
 - constants:         constant pool [81] {0x000002a0578384a8} for 'org/springframework/core/convert/support/StringToPropertiesConverter' cache=0x000002a057838ab0
 - class loader data:  loader data: 0x000002a054555520 for instance a 'jdk/internal/loader/ClassLoaders$AppClassLoader'{0x0000000603e873f8}
 - source file:       'StringToPropertiesConverter.java'
 - source debug extension:       SMAP
StringToPropertiesConverter.java
Java
*S jdt
*F
1 StringToPropertiesConverter.java
2 file:/C:/Users/501-01/.m2/repository/org/springframework/spring-core/5.3.21/spring-core-5.3.21.jar
*L
*E

 - class annotations:       Array<T>(0x0000000000000000)
 - class type annotations:  Array<T>(0x0000000000000000)
 - field annotations:       Array<T>(0x0000000000000000)
 - field type annotations:  Array<T>(0x0000000000000000)
 - generic signature: 'Ljava/lang/Object;Lorg/springframework/core/convert/converter/Converter<Ljava/lang/String;Ljava/util/Properties;>;'
 - inner classes:     Array<T>(0x000002a054c00028)
 - nest members:     Array<T>(0x000002a054c00028)
 - permitted subclasses:     Array<T>(0x000002a054c00028)
 - java mirror:       a 'java/lang/Class'{0x00000006041f73b8} = 'org/springframework/core/convert/support/StringToPropertiesConverter'
 - vtable length      6  (start addr: 0x00000008002001c8)
 - itable length      6 (start addr: 0x00000008002001f8)
 - ---- static fields (0 words):
 - ---- non-static fields (0 words):
 - non-static oop maps: 
RBX=0x000002a05ae8a240 is pointing into metadata
RCX=0x000002a05b394000 is pointing into metadata
RDX=0x000000000000ffff is an unknown value
RSP=0x000000b5f22ff130 points into unknown readable memory: 0x000002a03c7dbf90 | 90 bf 7d 3c a0 02 00 00
RBP=0x000002a05ae8a240 is pointing into metadata
RSI=0x000000000000ffff is an unknown value
RDI=0x000000000000ffff is an unknown value
R8 ={method} {0x000002a05ae8b200} 'searchGroup' '(Lorg/springframework/ui/Model;Ljava/lang/String;Ljava/lang/String;)Ljava/lang/String;' in 'kr/ac/kopo/ctc/spring/replyBoard/web/BoardGroupController'
R9 =0x000000b5f22ff210 points into unknown readable memory: 0x000002a05ae8b1f8 | f8 b1 e8 5a a0 02 00 00
R10=0x000002a054523970 points into unknown readable memory: 0x0000001e00000002 | 02 00 00 00 1e 00 00 00
R11={method} {0x000002a05ae8b200} 'searchGroup' '(Lorg/springframework/ui/Model;Ljava/lang/String;Ljava/lang/String;)Ljava/lang/String;' in 'kr/ac/kopo/ctc/spring/replyBoard/web/BoardGroupController'
R12=0x000002a058188530 is pointing into metadata
R13=0x00007ffec7e50000 jvm.dll
R14=0x000000b5f22ff240 points into unknown readable memory: 0x000002a0581895a8 | a8 95 18 58 a0 02 00 00
R15=0x000002a05ae8a240 is pointing into metadata


Registers:
RAX=0x0000000000200000, RBX=0x000002a05ae8a240, RCX=0x000002a05b394000, RDX=0x000000000000ffff
RSP=0x000000b5f22ff130, RBP=0x000002a05ae8a240, RSI=0x000000000000ffff, RDI=0x000000000000ffff
R8 =0x000002a05ae8b1f8, R9 =0x000000b5f22ff210, R10=0x000002a054523970, R11=0x000002a05ae8b1f8
R12=0x000002a058188530, R13=0x00007ffec7e50000, R14=0x000000b5f22ff240, R15=0x000002a05ae8a240
RIP=0x00007ffec808da59, EFLAGS=0x0000000000010206

Top of Stack: (sp=0x000000b5f22ff130)
0x000000b5f22ff130:   000002a03c7dbf90 000002a03617fe60
0x000000b5f22ff140:   000000b5f22ff240 0000000000000012
0x000000b5f22ff150:   0000000000000001 00007ffec847b443
0x000000b5f22ff160:   00000000000000b4 00007ffec819a8d4
0x000000b5f22ff170:   000000b5f22ff210 0000000000000004
0x000000b5f22ff180:   000002a058188f79 00007fff000000e6
0x000000b5f22ff190:   000000b5f22ff210 00007ffec7f766ae
0x000000b5f22ff1a0:   000002a05ae8b1f8 000002a05ae8ac08
0x000000b5f22ff1b0:   000002a05ae8a240 000002a05ae8b129
0x000000b5f22ff1c0:   00000000000000b4 00007ffec847be01
0x000000b5f22ff1d0:   00000000000000b4 000000b5f22ff249
0x000000b5f22ff1e0:   00000000000000b4 000000b5f22ff2a0
0x000000b5f22ff1f0:   000002a058188530 000002a05ae8a240
0x000000b5f22ff200:   000002a05ae8b1f8 000002a054510920
0x000000b5f22ff210:   000002a05ae8b1f8 000002a054510920
0x000000b5f22ff220:   0000000400000001 000000b40000005d 

Instructions: (pc=0x00007ffec808da59)
0x00007ffec808d959:   cc cc cc cc cc cc cc 48 89 5c 24 10 48 89 74 24
0x00007ffec808d969:   18 57 48 83 ec 30 48 63 da 49 8b f0 48 8b f9 85
0x00007ffec808d979:   d2 79 24 4c 8d 0d 25 35 70 00 ba b4 02 00 00 4c
0x00007ffec808d989:   8d 05 51 35 70 00 48 8d 0d aa 34 70 00 e8 d5 79
0x00007ffec808d999:   00 00 e8 d0 80 43 00 48 8b 4f 10 48 85 c9 74 0f
0x00007ffec808d9a9:   48 8d 43 01 48 c1 e0 05 48 8b 04 08 0f b7 d8 48
0x00007ffec808d9b9:   63 c3 48 8d 54 24 40 48 89 7c 24 20 48 89 74 24
0x00007ffec808d9c9:   28 48 8b 8e 40 02 00 00 8b 5c c7 48 48 89 7c 24
0x00007ffec808d9d9:   40 e8 31 d0 dc ff 0f b7 d3 48 8d 4c 24 20 4c 8b
0x00007ffec808d9e9:   c6 e8 f1 fb ff ff 48 8d 4c 24 20 48 8b d8 e8 64
0x00007ffec808d9f9:   cf 10 00 48 8b 74 24 50 48 8b c3 48 8b 5c 24 48
0x00007ffec808da09:   48 83 c4 30 5f c3 cc 48 89 5c 24 08 57 48 83 ec
0x00007ffec808da19:   20 48 63 fa 48 8b d9 85 d2 79 24 4c 8d 0d 7d 34
0x00007ffec808da29:   70 00 ba b4 02 00 00 4c 8d 05 a9 34 70 00 48 8d
0x00007ffec808da39:   0d 02 34 70 00 e8 2d 79 00 00 e8 28 80 43 00 48
0x00007ffec808da49:   8b 4b 10 48 85 c9 74 0f 48 8d 47 01 48 c1 e0 05
0x00007ffec808da59:   48 8b 04 08 0f b7 f8 48 63 c7 0f b7 4c c3 48 0f
0x00007ffec808da69:   b7 44 cb 4a 48 8b 44 c3 48 48 8b 5c 24 30 48 83
0x00007ffec808da79:   c4 20 5f c3 cc cc cc 4c 8b 41 20 4d 8b 00 e9 64
0x00007ffec808da89:   02 00 00 cc cc cc cc 48 8b 49 20 48 8b 09 e9 44
0x00007ffec808da99:   5a 00 00 cc cc cc cc 48 89 5c 24 18 56 57 41 56
0x00007ffec808daa9:   48 83 ec 20 48 83 3d cb c7 91 00 00 4c 8b f2 48
0x00007ffec808dab9:   8b f9 74 0f 48 8b d1 48 8d 0d 49 33 70 00 e8 74
0x00007ffec808dac9:   93 e6 ff 45 33 c0 41 8d 50 17 8d 4a 11 e8 15 88
0x00007ffec808dad9:   e6 ff 33 db 48 85 c0 74 22 48 8d 4f 08 89 58 08
0x00007ffec808dae9:   48 89 48 20 48 8d 0d 6c 1d 6d 00 48 89 08 88 58
0x00007ffec808daf9:   0c 48 89 58 10 48 89 58 18 eb 03 48 8b c3 48 8b
0x00007ffec808db09:   d0 49 8b ce e8 ae 00 3e 00 45 33 c0 41 8d 50 17
0x00007ffec808db19:   8d 4a 11 e8 cf 87 e6 ff 48 85 c0 74 27 48 8d 0d
0x00007ffec808db29:   13 38 70 00 c7 40 08 02 00 00 00 48 89 08 48 8d
0x00007ffec808db39:   4f 10 48 89 48 20 c6 40 0c 00 48 89 58 10 48 89
0x00007ffec808db49:   58 18 eb 03 48 8b c3 48 8b d0 49 8b ce e8 65 00 


Stack slot to memory mapping:
stack at sp + 0 slots: 0x000002a03c7dbf90 is at entry_point+-592 in (nmethod*)0x000002a03c7dbf90
stack at sp + 1 slots: 0x000002a03617fe60 points into unknown readable memory: 0x0000000300000001 | 01 00 00 00 03 00 00 00
stack at sp + 2 slots: 0x000000b5f22ff240 points into unknown readable memory: 0x000002a0581895a8 | a8 95 18 58 a0 02 00 00
stack at sp + 3 slots: 0x0000000000000012 is an unknown value
stack at sp + 4 slots: 0x0000000000000001 is an unknown value
stack at sp + 5 slots: 0x00007ffec847b443 jvm.dll
stack at sp + 6 slots: 0x00000000000000b4 is an unknown value
stack at sp + 7 slots: 0x00007ffec819a8d4 jvm.dll

VM_Operation (0x000000b5f2dff760): RedefineClasses, mode: safepoint, requested by thread 0x000002a0547a8f50, redefining class kr.ac.kopo.ctc.spring.replyBoard.web.BoardGroupController



---------------  P R O C E S S  ---------------

Threads class SMR info:
_java_thread_list=0x000002a05955dd70, length=39, elements={
0x000002a054518300, 0x000002a054518bc0, 0x000002a05455f0f0, 0x000002a05455f9b0,
0x000002a054560270, 0x000002a054563880, 0x000002a0545a7e30, 0x000002a0545aa740,
0x000002a054678f70, 0x000002a0547a8f50, 0x000002a0547ac460, 0x000002a0547ae8d0,
0x000002a055ad7050, 0x000002a055c61090, 0x000002a055c9acb0, 0x000002a055cb7d80,
0x000002a056b74ef0, 0x000002a056b753c0, 0x000002a056b02530, 0x000002a056b02060,
0x000002a057759830, 0x000002a0577571b0, 0x000002a057757680, 0x000002a057757b50,
0x000002a057758020, 0x000002a057759d00, 0x000002a057758e90, 0x000002a057756810,
0x000002a059722b60, 0x000002a059723030, 0x000002a059724370, 0x000002a059723ea0,
0x000002a0597239d0, 0x000002a0597256b0, 0x000002a059723500, 0x000002a059724840,
0x000002a059724d10, 0x000002a0597251e0, 0x000002a059721cf0
}

Java Threads: ( => current thread )
  0x000002a054518300 JavaThread "Reference Handler" daemon [_thread_blocked, id=12780, stack(0x000000b5f2300000,0x000000b5f2400000)]
  0x000002a054518bc0 JavaThread "Finalizer" daemon [_thread_blocked, id=4092, stack(0x000000b5f2400000,0x000000b5f2500000)]
  0x000002a05455f0f0 JavaThread "Signal Dispatcher" daemon [_thread_blocked, id=13920, stack(0x000000b5f2500000,0x000000b5f2600000)]
  0x000002a05455f9b0 JavaThread "Attach Listener" daemon [_thread_blocked, id=21444, stack(0x000000b5f2600000,0x000000b5f2700000)]
  0x000002a054560270 JavaThread "Service Thread" daemon [_thread_blocked, id=12244, stack(0x000000b5f2700000,0x000000b5f2800000)]
  0x000002a054563880 JavaThread "Monitor Deflation Thread" daemon [_thread_blocked, id=11940, stack(0x000000b5f2800000,0x000000b5f2900000)]
  0x000002a0545a7e30 JavaThread "C1 CompilerThread0" daemon [_thread_blocked, id=13672, stack(0x000000b5f2900000,0x000000b5f2a00000)]
  0x000002a0545aa740 JavaThread "Sweeper thread" daemon [_thread_blocked, id=820, stack(0x000000b5f2a00000,0x000000b5f2b00000)]
  0x000002a054678f70 JavaThread "Common-Cleaner" daemon [_thread_blocked, id=9204, stack(0x000000b5f2b00000,0x000000b5f2c00000)]
  0x000002a0547a8f50 JavaThread "JDWP Transport Listener: dt_socket" daemon [_thread_blocked, id=9048, stack(0x000000b5f2d00000,0x000000b5f2e00000)]
  0x000002a0547ac460 JavaThread "JDWP Event Helper Thread" daemon [_thread_blocked, id=20848, stack(0x000000b5f2e00000,0x000000b5f2f00000)]
  0x000002a0547ae8d0 JavaThread "JDWP Command Reader" daemon [_thread_in_native, id=13632, stack(0x000000b5f2f00000,0x000000b5f3000000)]
  0x000002a055ad7050 JavaThread "Notification Thread" daemon [_thread_blocked, id=17168, stack(0x000000b5f3000000,0x000000b5f3100000)]
  0x000002a055c61090 JavaThread "RMI TCP Accept-0" daemon [_thread_in_native, id=15716, stack(0x000000b5f3100000,0x000000b5f3200000)]
  0x000002a055c9acb0 JavaThread "RMI TCP Accept-61105" daemon [_thread_in_native, id=14352, stack(0x000000b5f3200000,0x000000b5f3300000)]
  0x000002a055cb7d80 JavaThread "RMI TCP Accept-0" daemon [_thread_in_native, id=5728, stack(0x000000b5f3300000,0x000000b5f3400000)]
  0x000002a056b74ef0 JavaThread "RMI Scheduler(0)" daemon [_thread_blocked, id=17924, stack(0x000000b5f4300000,0x000000b5f4400000)]
  0x000002a056b753c0 JavaThread "RMI TCP Connection(11)-127.0.0.1" daemon [_thread_in_native, id=22056, stack(0x000000b5f4400000,0x000000b5f4500000)]
  0x000002a056b02530 JavaThread "JMX server connection timeout 28" daemon [_thread_blocked, id=1828, stack(0x000000b5f4500000,0x000000b5f4600000)]
  0x000002a056b02060 JavaThread "Catalina-utility-1" [_thread_blocked, id=15976, stack(0x000000b5f4900000,0x000000b5f4a00000)]
  0x000002a057759830 JavaThread "Catalina-utility-2" [_thread_blocked, id=9796, stack(0x000000b5f4a00000,0x000000b5f4b00000)]
  0x000002a0577571b0 JavaThread "container-0" [_thread_blocked, id=15492, stack(0x000000b5f4b00000,0x000000b5f4c00000)]
  0x000002a057757680 JavaThread "mysql-cj-abandoned-connection-cleanup" daemon [_thread_blocked, id=18984, stack(0x000000b5f4c00000,0x000000b5f4d00000)]
  0x000002a057757b50 JavaThread "HikariPool-1 housekeeper" daemon [_thread_blocked, id=15268, stack(0x000000b5f4e00000,0x000000b5f4f00000)]
  0x000002a057758020 JavaThread "File Watcher" daemon [_thread_blocked, id=17548, stack(0x000000b5f5000000,0x000000b5f5100000)]
  0x000002a057759d00 JavaThread "Live Reload Server" daemon [_thread_in_native, id=14304, stack(0x000000b5f5200000,0x000000b5f5300000)]
  0x000002a057758e90 JavaThread "http-nio-8090-exec-1" daemon [_thread_blocked, id=13196, stack(0x000000b5f5100000,0x000000b5f5200000)]
  0x000002a057756810 JavaThread "http-nio-8090-exec-2" daemon [_thread_blocked, id=5608, stack(0x000000b5f5300000,0x000000b5f5400000)]
  0x000002a059722b60 JavaThread "http-nio-8090-exec-3" daemon [_thread_blocked, id=12056, stack(0x000000b5f5400000,0x000000b5f5500000)]
  0x000002a059723030 JavaThread "http-nio-8090-exec-4" daemon [_thread_blocked, id=17388, stack(0x000000b5f5500000,0x000000b5f5600000)]
  0x000002a059724370 JavaThread "http-nio-8090-exec-5" daemon [_thread_blocked, id=16996, stack(0x000000b5f5600000,0x000000b5f5700000)]
  0x000002a059723ea0 JavaThread "http-nio-8090-exec-6" daemon [_thread_blocked, id=21820, stack(0x000000b5f5700000,0x000000b5f5800000)]
  0x000002a0597239d0 JavaThread "http-nio-8090-exec-7" daemon [_thread_blocked, id=17568, stack(0x000000b5f5800000,0x000000b5f5900000)]
  0x000002a0597256b0 JavaThread "http-nio-8090-exec-8" daemon [_thread_blocked, id=21536, stack(0x000000b5f5900000,0x000000b5f5a00000)]
  0x000002a059723500 JavaThread "http-nio-8090-exec-9" daemon [_thread_blocked, id=5024, stack(0x000000b5f5a00000,0x000000b5f5b00000)]
  0x000002a059724840 JavaThread "http-nio-8090-exec-10" daemon [_thread_blocked, id=7504, stack(0x000000b5f5b00000,0x000000b5f5c00000)]
  0x000002a059724d10 JavaThread "http-nio-8090-Poller" daemon [_thread_in_native, id=22320, stack(0x000000b5f5c00000,0x000000b5f5d00000)]
  0x000002a0597251e0 JavaThread "http-nio-8090-Acceptor" daemon [_thread_in_native, id=20708, stack(0x000000b5f5d00000,0x000000b5f5e00000)]
  0x000002a059721cf0 JavaThread "DestroyJavaVM" [_thread_blocked, id=19376, stack(0x000000b5f1c00000,0x000000b5f1d00000)]

Other Threads:
=>0x000002a054510920 VMThread "VM Thread" [stack: 0x000000b5f2200000,0x000000b5f2300000] [id=21380]
  0x000002a03854b220 WatcherThread [stack: 0x000000b5f3400000,0x000000b5f3500000] [id=10832]
  0x000002a038531d60 GCTaskThread "GC Thread#0" [stack: 0x000000b5f1d00000,0x000000b5f1e00000] [id=16228]
  0x000002a055e64a30 GCTaskThread "GC Thread#1" [stack: 0x000000b5f3500000,0x000000b5f3600000] [id=14844]
  0x000002a055e64ce0 GCTaskThread "GC Thread#2" [stack: 0x000000b5f3600000,0x000000b5f3700000] [id=18572]
  0x000002a055e64f90 GCTaskThread "GC Thread#3" [stack: 0x000000b5f3700000,0x000000b5f3800000] [id=16564]
  0x000002a055e65240 GCTaskThread "GC Thread#4" [stack: 0x000000b5f3800000,0x000000b5f3900000] [id=10092]
  0x000002a055d30a40 GCTaskThread "GC Thread#5" [stack: 0x000000b5f3900000,0x000000b5f3a00000] [id=20400]
  0x000002a055d30cf0 GCTaskThread "GC Thread#6" [stack: 0x000000b5f3a00000,0x000000b5f3b00000] [id=1652]
  0x000002a055d30fa0 GCTaskThread "GC Thread#7" [stack: 0x000000b5f3b00000,0x000000b5f3c00000] [id=13756]
  0x000002a038543160 ConcurrentGCThread "G1 Main Marker" [stack: 0x000000b5f1e00000,0x000000b5f1f00000] [id=8728]
  0x000002a038543a80 ConcurrentGCThread "G1 Conc#0" [stack: 0x000000b5f1f00000,0x000000b5f2000000] [id=20376]
  0x000002a056c7d240 ConcurrentGCThread "G1 Conc#1" [stack: 0x000000b5f4700000,0x000000b5f4800000] [id=20632]
  0x000002a053d192f0 ConcurrentGCThread "G1 Refine#0" [stack: 0x000000b5f2000000,0x000000b5f2100000] [id=10548]
  0x000002a055d32680 ConcurrentGCThread "G1 Refine#1" [stack: 0x000000b5f3c00000,0x000000b5f3d00000] [id=1552]
  0x000002a055d31660 ConcurrentGCThread "G1 Refine#2" [stack: 0x000000b5f3d00000,0x000000b5f3e00000] [id=21324]
  0x000002a0573550d0 ConcurrentGCThread "G1 Refine#3" [stack: 0x000000b5f4600000,0x000000b5f4700000] [id=17232]
  0x000002a0573553b0 ConcurrentGCThread "G1 Refine#4" [stack: 0x000000b5f4800000,0x000000b5f4900000] [id=16080]
  0x000002a053d1aad0 ConcurrentGCThread "G1 Service" [stack: 0x000000b5f2100000,0x000000b5f2200000] [id=10448]

Threads with active compile tasks:

VM state: at safepoint (normal execution)

VM Mutex/Monitor currently owned by a thread:  ([mutex/lock_event])
[0x000002a03847df40] Threads_lock - owner thread: 0x000002a054510920

Heap address: 0x0000000603c00000, size: 8132 MB, Compressed Oops mode: Zero based, Oop shift amount: 3

CDS archive(s) not mapped
Compressed class space mapped at: 0x0000000800000000-0x0000000840000000, reserved size: 1073741824
Narrow klass base: 0x0000000800000000, Narrow klass shift: 0, Narrow klass range: 0x40000000

GC Precious Log:
 CPUs: 8 total, 8 available
 Memory: 32520M
 Large Page Support: Disabled
 NUMA Support: Disabled
 Compressed Oops: Enabled (Zero based)
 Heap Region Size: 4M
 Heap Min Capacity: 8M
 Heap Initial Capacity: 512M
 Heap Max Capacity: 8132M
 Pre-touch: Disabled
 Parallel Workers: 8
 Concurrent Workers: 2
 Concurrent Refinement Workers: 8
 Periodic GC: Disabled

Heap:
 garbage-first heap   total 311296K, used 75811K [0x0000000603c00000, 0x0000000800000000)
  region size 4096K, 15 young (61440K), 2 survivors (8192K)
 Metaspace       used 69379K, committed 69824K, reserved 1114112K
  class space    used 9159K, committed 9344K, reserved 1048576K

Heap Regions: E=young(eden), S=young(survivor), O=old, HS=humongous(starts), HC=humongous(continues), CS=collection set, F=free, OA=open archive, CA=closed archive, TAMS=top-at-mark-start (previous, next)
|   0|0x0000000603c00000, 0x0000000604000000, 0x0000000604000000|100%| O|  |TAMS 0x0000000604000000, 0x0000000603c00000| Untracked 
|   1|0x0000000604000000, 0x0000000604400000, 0x0000000604400000|100%| O|  |TAMS 0x0000000604400000, 0x0000000604000000| Untracked 
|   2|0x0000000604400000, 0x0000000604800000, 0x0000000604800000|100%| O|  |TAMS 0x0000000604400000, 0x0000000604400000| Untracked 
|   3|0x0000000604800000, 0x0000000604c00000, 0x0000000604c00000|100%| O|  |TAMS 0x0000000604c00000, 0x0000000604800000| Untracked 
|   4|0x0000000604c00000, 0x0000000605000000, 0x0000000605000000|100%| O|  |TAMS 0x0000000604c00000, 0x0000000604c00000| Untracked 
|   5|0x0000000605000000, 0x0000000605000000, 0x0000000605400000|  0%| F|  |TAMS 0x0000000605000000, 0x0000000605000000| Untracked 
|   6|0x0000000605400000, 0x00000006055afe00, 0x0000000605800000| 42%| O|  |TAMS 0x0000000605400000, 0x0000000605400000| Untracked 
|   7|0x0000000605800000, 0x0000000605800000, 0x0000000605c00000|  0%| F|  |TAMS 0x0000000605800000, 0x0000000605800000| Untracked 
|   8|0x0000000605c00000, 0x0000000605c00000, 0x0000000606000000|  0%| F|  |TAMS 0x0000000605c00000, 0x0000000605c00000| Untracked 
|   9|0x0000000606000000, 0x0000000606059010, 0x0000000606400000|  8%| S|CS|TAMS 0x0000000606000000, 0x0000000606000000| Complete 
|  10|0x0000000606400000, 0x0000000606800000, 0x0000000606800000|100%| S|CS|TAMS 0x0000000606400000, 0x0000000606400000| Complete 
|  11|0x0000000606800000, 0x0000000606800000, 0x0000000606c00000|  0%| F|  |TAMS 0x0000000606800000, 0x0000000606800000| Untracked 
|  12|0x0000000606c00000, 0x0000000606c00000, 0x0000000607000000|  0%| F|  |TAMS 0x0000000606c00000, 0x0000000606c00000| Untracked 
|  13|0x0000000607000000, 0x0000000607000000, 0x0000000607400000|  0%| F|  |TAMS 0x0000000607000000, 0x0000000607000000| Untracked 
|  14|0x0000000607400000, 0x0000000607400000, 0x0000000607800000|  0%| F|  |TAMS 0x0000000607400000, 0x0000000607400000| Untracked 
|  15|0x0000000607800000, 0x0000000607800000, 0x0000000607c00000|  0%| F|  |TAMS 0x0000000607800000, 0x0000000607800000| Untracked 
|  16|0x0000000607c00000, 0x0000000607c00000, 0x0000000608000000|  0%| F|  |TAMS 0x0000000607c00000, 0x0000000607c00000| Untracked 
|  17|0x0000000608000000, 0x0000000608000000, 0x0000000608400000|  0%| F|  |TAMS 0x0000000608000000, 0x0000000608000000| Untracked 
|  18|0x0000000608400000, 0x0000000608400000, 0x0000000608800000|  0%| F|  |TAMS 0x0000000608400000, 0x0000000608400000| Untracked 
|  19|0x0000000608800000, 0x0000000608800000, 0x0000000608c00000|  0%| F|  |TAMS 0x0000000608800000, 0x0000000608800000| Untracked 
|  20|0x0000000608c00000, 0x0000000608c00000, 0x0000000609000000|  0%| F|  |TAMS 0x0000000608c00000, 0x0000000608c00000| Untracked 
|  21|0x0000000609000000, 0x0000000609000000, 0x0000000609400000|  0%| F|  |TAMS 0x0000000609000000, 0x0000000609000000| Untracked 
|  22|0x0000000609400000, 0x0000000609400000, 0x0000000609800000|  0%| F|  |TAMS 0x0000000609400000, 0x0000000609400000| Untracked 
|  23|0x0000000609800000, 0x0000000609800000, 0x0000000609c00000|  0%| F|  |TAMS 0x0000000609800000, 0x0000000609800000| Untracked 
|  24|0x0000000609c00000, 0x0000000609c00000, 0x000000060a000000|  0%| F|  |TAMS 0x0000000609c00000, 0x0000000609c00000| Untracked 
|  25|0x000000060a000000, 0x000000060a000000, 0x000000060a400000|  0%| F|  |TAMS 0x000000060a000000, 0x000000060a000000| Untracked 
|  26|0x000000060a400000, 0x000000060a400000, 0x000000060a800000|  0%| F|  |TAMS 0x000000060a400000, 0x000000060a400000| Untracked 
|  27|0x000000060a800000, 0x000000060a800000, 0x000000060ac00000|  0%| F|  |TAMS 0x000000060a800000, 0x000000060a800000| Untracked 
|  28|0x000000060ac00000, 0x000000060ac00000, 0x000000060b000000|  0%| F|  |TAMS 0x000000060ac00000, 0x000000060ac00000| Untracked 
|  29|0x000000060b000000, 0x000000060b000000, 0x000000060b400000|  0%| F|  |TAMS 0x000000060b000000, 0x000000060b000000| Untracked 
|  30|0x000000060b400000, 0x000000060b400000, 0x000000060b800000|  0%| F|  |TAMS 0x000000060b400000, 0x000000060b400000| Untracked 
|  31|0x000000060b800000, 0x000000060b800000, 0x000000060bc00000|  0%| F|  |TAMS 0x000000060b800000, 0x000000060b800000| Untracked 
|  32|0x000000060bc00000, 0x000000060bc00000, 0x000000060c000000|  0%| F|  |TAMS 0x000000060bc00000, 0x000000060bc00000| Untracked 
|  33|0x000000060c000000, 0x000000060c000000, 0x000000060c400000|  0%| F|  |TAMS 0x000000060c000000, 0x000000060c000000| Untracked 
|  34|0x000000060c400000, 0x000000060c400000, 0x000000060c800000|  0%| F|  |TAMS 0x000000060c400000, 0x000000060c400000| Untracked 
|  35|0x000000060c800000, 0x000000060c800000, 0x000000060cc00000|  0%| F|  |TAMS 0x000000060c800000, 0x000000060c800000| Untracked 
|  36|0x000000060cc00000, 0x000000060cc00000, 0x000000060d000000|  0%| F|  |TAMS 0x000000060cc00000, 0x000000060cc00000| Untracked 
|  37|0x000000060d000000, 0x000000060d000000, 0x000000060d400000|  0%| F|  |TAMS 0x000000060d000000, 0x000000060d000000| Untracked 
|  38|0x000000060d400000, 0x000000060d400000, 0x000000060d800000|  0%| F|  |TAMS 0x000000060d400000, 0x000000060d400000| Untracked 
|  39|0x000000060d800000, 0x000000060d800000, 0x000000060dc00000|  0%| F|  |TAMS 0x000000060d800000, 0x000000060d800000| Untracked 
|  40|0x000000060dc00000, 0x000000060dc00000, 0x000000060e000000|  0%| F|  |TAMS 0x000000060dc00000, 0x000000060dc00000| Untracked 
|  41|0x000000060e000000, 0x000000060e000000, 0x000000060e400000|  0%| F|  |TAMS 0x000000060e000000, 0x000000060e000000| Untracked 
|  42|0x000000060e400000, 0x000000060e400000, 0x000000060e800000|  0%| F|  |TAMS 0x000000060e400000, 0x000000060e400000| Untracked 
|  43|0x000000060e800000, 0x000000060e800000, 0x000000060ec00000|  0%| F|  |TAMS 0x000000060e800000, 0x000000060e800000| Untracked 
|  44|0x000000060ec00000, 0x000000060ec00000, 0x000000060f000000|  0%| F|  |TAMS 0x000000060ec00000, 0x000000060ec00000| Untracked 
|  45|0x000000060f000000, 0x000000060f000000, 0x000000060f400000|  0%| F|  |TAMS 0x000000060f000000, 0x000000060f000000| Untracked 
|  46|0x000000060f400000, 0x000000060f400000, 0x000000060f800000|  0%| F|  |TAMS 0x000000060f400000, 0x000000060f400000| Untracked 
|  47|0x000000060f800000, 0x000000060f800000, 0x000000060fc00000|  0%| F|  |TAMS 0x000000060f800000, 0x000000060f800000| Untracked 
|  48|0x000000060fc00000, 0x000000060fc00000, 0x0000000610000000|  0%| F|  |TAMS 0x000000060fc00000, 0x000000060fc00000| Untracked 
|  49|0x0000000610000000, 0x0000000610000000, 0x0000000610400000|  0%| F|  |TAMS 0x0000000610000000, 0x0000000610000000| Untracked 
|  50|0x0000000610400000, 0x0000000610400000, 0x0000000610800000|  0%| F|  |TAMS 0x0000000610400000, 0x0000000610400000| Untracked 
|  51|0x0000000610800000, 0x0000000610800000, 0x0000000610c00000|  0%| F|  |TAMS 0x0000000610800000, 0x0000000610800000| Untracked 
|  52|0x0000000610c00000, 0x0000000610c00000, 0x0000000611000000|  0%| F|  |TAMS 0x0000000610c00000, 0x0000000610c00000| Untracked 
|  53|0x0000000611000000, 0x0000000611000000, 0x0000000611400000|  0%| F|  |TAMS 0x0000000611000000, 0x0000000611000000| Untracked 
|  54|0x0000000611400000, 0x0000000611400000, 0x0000000611800000|  0%| F|  |TAMS 0x0000000611400000, 0x0000000611400000| Untracked 
|  55|0x0000000611800000, 0x0000000611800000, 0x0000000611c00000|  0%| F|  |TAMS 0x0000000611800000, 0x0000000611800000| Untracked 
|  56|0x0000000611c00000, 0x0000000611c00000, 0x0000000612000000|  0%| F|  |TAMS 0x0000000611c00000, 0x0000000611c00000| Untracked 
|  57|0x0000000612000000, 0x0000000612000000, 0x0000000612400000|  0%| F|  |TAMS 0x0000000612000000, 0x0000000612000000| Untracked 
|  58|0x0000000612400000, 0x0000000612400000, 0x0000000612800000|  0%| F|  |TAMS 0x0000000612400000, 0x0000000612400000| Untracked 
|  59|0x0000000612800000, 0x0000000612800000, 0x0000000612c00000|  0%| F|  |TAMS 0x0000000612800000, 0x0000000612800000| Untracked 
|  60|0x0000000612c00000, 0x0000000612c00000, 0x0000000613000000|  0%| F|  |TAMS 0x0000000612c00000, 0x0000000612c00000| Untracked 
|  61|0x0000000613000000, 0x0000000613000000, 0x0000000613400000|  0%| F|  |TAMS 0x0000000613000000, 0x0000000613000000| Untracked 
|  62|0x0000000613400000, 0x0000000613400000, 0x0000000613800000|  0%| F|  |TAMS 0x0000000613400000, 0x0000000613400000| Untracked 
|  63|0x0000000613800000, 0x0000000613bc9540, 0x0000000613c00000| 94%| E|  |TAMS 0x0000000613800000, 0x0000000613800000| Complete 
|  64|0x0000000613c00000, 0x0000000614000000, 0x0000000614000000|100%| E|CS|TAMS 0x0000000613c00000, 0x0000000613c00000| Complete 
|  65|0x0000000614000000, 0x0000000614400000, 0x0000000614400000|100%| E|CS|TAMS 0x0000000614000000, 0x0000000614000000| Complete 
|  66|0x0000000614400000, 0x0000000614800000, 0x0000000614800000|100%| E|CS|TAMS 0x0000000614400000, 0x0000000614400000| Complete 
|  67|0x0000000614800000, 0x0000000614c00000, 0x0000000614c00000|100%| E|CS|TAMS 0x0000000614800000, 0x0000000614800000| Complete 
|  68|0x0000000614c00000, 0x0000000615000000, 0x0000000615000000|100%| E|CS|TAMS 0x0000000614c00000, 0x0000000614c00000| Complete 
|  69|0x0000000615000000, 0x0000000615400000, 0x0000000615400000|100%| E|CS|TAMS 0x0000000615000000, 0x0000000615000000| Complete 
|  70|0x0000000615400000, 0x0000000615800000, 0x0000000615800000|100%| E|CS|TAMS 0x0000000615400000, 0x0000000615400000| Complete 
|  71|0x0000000615800000, 0x0000000615c00000, 0x0000000615c00000|100%| E|CS|TAMS 0x0000000615800000, 0x0000000615800000| Complete 
|  72|0x0000000615c00000, 0x0000000616000000, 0x0000000616000000|100%| E|CS|TAMS 0x0000000615c00000, 0x0000000615c00000| Complete 
|  73|0x0000000616000000, 0x0000000616400000, 0x0000000616400000|100%| E|CS|TAMS 0x0000000616000000, 0x0000000616000000| Complete 
|  74|0x0000000616400000, 0x0000000616800000, 0x0000000616800000|100%| E|CS|TAMS 0x0000000616400000, 0x0000000616400000| Complete 
| 127|0x0000000623800000, 0x0000000623c00000, 0x0000000623c00000|100%| E|CS|TAMS 0x0000000623800000, 0x0000000623800000| Complete 

Card table byte_map: [0x000002a03fc30000,0x000002a040c20000] _byte_map_base: 0x000002a03cc12000

Marking Bits (Prev, Next): (CMBitMap*) 0x000002a0385322c0, (CMBitMap*) 0x000002a038532280
 Prev Bits: [0x000002a049b20000, 0x000002a051a30000)
 Next Bits: [0x000002a041c10000, 0x000002a049b20000)

Polling page: 0x000002a0363b0000

Metaspace:

Usage:
  Non-class:     58.81 MB used.
      Class:      8.94 MB used.
       Both:     67.75 MB used.

Virtual space:
  Non-class space:       64.00 MB reserved,      59.06 MB ( 92%) committed,  8 nodes.
      Class space:        1.00 GB reserved,       9.12 MB ( <1%) committed,  1 nodes.
             Both:        1.06 GB reserved,      68.19 MB (  6%) committed. 

Chunk freelists:
   Non-Class:  416.00 KB
       Class:  2.83 MB
        Both:  3.23 MB

MaxMetaspaceSize: unlimited
CompressedClassSpaceSize: 1.00 GB
Initial GC threshold: 21.00 MB
Current GC threshold: 98.69 MB
CDS: off
MetaspaceReclaimPolicy: balanced
 - commit_granule_bytes: 65536.
 - commit_granule_words: 8192.
 - virtual_space_node_default_size: 1048576.
 - enlarge_chunks_in_place: 1.
 - new_chunks_are_fully_committed: 0.
 - uncommit_free_chunks: 1.
 - use_allocation_guard: 0.
 - handle_deallocations: 1.


Internal statistics:

num_allocs_failed_limit: 9.
num_arena_births: 596.
num_arena_deaths: 0.
num_vsnodes_births: 9.
num_vsnodes_deaths: 0.
num_space_committed: 1091.
num_space_uncommitted: 0.
num_chunks_returned_to_freelist: 9.
num_chunks_taken_from_freelist: 2672.
num_chunk_merges: 9.
num_chunk_splits: 1868.
num_chunks_enlarged: 1410.
num_purges: 0.
num_inconsistent_stats: 0.

CodeCache: size=49152Kb used=11761Kb max_used=13209Kb free=37390Kb
 bounds [0x000002a03bb30000, 0x000002a03c820000, 0x000002a03eb30000]
 total_blobs=6564 nmethods=5911 adapters=580
 compilation: enabled
              stopped_count=0, restarted_count=0
 full_count=0

Compilation events (20 events):
Event: 183.803 Thread 0x000002a0545a7e30 5903       1       java.util.concurrent.ScheduledThreadPoolExecutor$DelayedWorkQueue::siftUp (64 bytes)
Event: 183.804 Thread 0x000002a0545a7e30 nmethod 5903 0x000002a03bf05090 code [0x000002a03bf05260, 0x000002a03bf057a8]
Event: 184.291 Thread 0x000002a0545a7e30 5904   !   1       java.util.concurrent.ThreadPoolExecutor::getTask (177 bytes)
Event: 184.293 Thread 0x000002a0545a7e30 nmethod 5904 0x000002a03bf04690 code [0x000002a03bf04880, 0x000002a03bf04dd8]
Event: 184.928 Thread 0x000002a0545a7e30 5905       1       org.apache.tomcat.util.net.NioEndpoint$NioSocketWrapper::getLastRead (5 bytes)
Event: 184.929 Thread 0x000002a0545a7e30 nmethod 5905 0x000002a03bf04390 code [0x000002a03bf04520, 0x000002a03bf045f8]
Event: 184.929 Thread 0x000002a0545a7e30 5906       1       org.apache.tomcat.util.net.SocketWrapperBase::getReadTimeout (5 bytes)
Event: 184.929 Thread 0x000002a0545a7e30 nmethod 5906 0x000002a03bf04090 code [0x000002a03bf04220, 0x000002a03bf042f8]
Event: 185.308 Thread 0x000002a0545a7e30 5907       1       java.util.concurrent.ThreadPoolExecutor$Worker::lock (6 bytes)
Event: 185.309 Thread 0x000002a0545a7e30 nmethod 5907 0x000002a03bf03c10 code [0x000002a03bf03da0, 0x000002a03bf03f88]
Event: 185.309 Thread 0x000002a0545a7e30 5908       1       java.util.concurrent.ThreadPoolExecutor$Worker::tryAcquire (20 bytes)
Event: 185.309 Thread 0x000002a0545a7e30 nmethod 5908 0x000002a03bf03890 code [0x000002a03bf03a20, 0x000002a03bf03b98]
Event: 185.309 Thread 0x000002a0545a7e30 5909       1       java.util.concurrent.ThreadPoolExecutor::beforeExecute (1 bytes)
Event: 185.309 Thread 0x000002a0545a7e30 nmethod 5909 0x000002a03bf03590 code [0x000002a03bf03720, 0x000002a03bf037d8]
Event: 187.290 Thread 0x000002a0545a7e30 5910       1       java.util.concurrent.ThreadPoolExecutor::afterExecute (1 bytes)
Event: 187.290 Thread 0x000002a0545a7e30 nmethod 5910 0x000002a03bf03290 code [0x000002a03bf03420, 0x000002a03bf034d8]
Event: 192.974 Thread 0x000002a0545a7e30 5911       1       org.apache.catalina.webresources.Cache$EvictionOrder::compare (13 bytes)
Event: 192.975 Thread 0x000002a0545a7e30 nmethod 5911 0x000002a03bf02d90 code [0x000002a03bf02f40, 0x000002a03bf03138]
Event: 192.975 Thread 0x000002a0545a7e30 5912       1       org.apache.catalina.webresources.Cache$EvictionOrder::compare (31 bytes)
Event: 192.975 Thread 0x000002a0545a7e30 nmethod 5912 0x000002a03bf02990 code [0x000002a03bf02b20, 0x000002a03bf02c98]

GC Heap History (20 events):
Event: 1.283 GC heap before
{Heap before GC invocations=5 (full 0):
 garbage-first heap   total 57344K, used 13698K [0x0000000603c00000, 0x0000000800000000)
  region size 4096K, 2 young (8192K), 1 survivors (4096K)
 Metaspace       used 24428K, committed 24704K, reserved 1073152K
  class space    used 2771K, committed 2880K, reserved 1048576K
}
Event: 1.286 GC heap after
{Heap after GC invocations=6 (full 0):
 garbage-first heap   total 57344K, used 9504K [0x0000000603c00000, 0x0000000800000000)
  region size 4096K, 1 young (4096K), 1 survivors (4096K)
 Metaspace       used 24428K, committed 24704K, reserved 1073152K
  class space    used 2771K, committed 2880K, reserved 1048576K
}
Event: 1.359 GC heap before
{Heap before GC invocations=6 (full 0):
 garbage-first heap   total 57344K, used 34080K [0x0000000603c00000, 0x0000000800000000)
  region size 4096K, 7 young (28672K), 1 survivors (4096K)
 Metaspace       used 26603K, committed 26880K, reserved 1073152K
  class space    used 3056K, committed 3200K, reserved 1048576K
}
Event: 1.362 GC heap after
{Heap after GC invocations=7 (full 0):
 garbage-first heap   total 290816K, used 9837K [0x0000000603c00000, 0x0000000800000000)
  region size 4096K, 1 young (4096K), 1 survivors (4096K)
 Metaspace       used 26603K, committed 26880K, reserved 1073152K
  class space    used 3056K, committed 3200K, reserved 1048576K
}
Event: 2.501 GC heap before
{Heap before GC invocations=7 (full 0):
 garbage-first heap   total 290816K, used 145005K [0x0000000603c00000, 0x0000000800000000)
  region size 4096K, 35 young (143360K), 1 survivors (4096K)
 Metaspace       used 35761K, committed 36096K, reserved 1081344K
  class space    used 4412K, committed 4608K, reserved 1048576K
}
Event: 2.508 GC heap after
{Heap after GC invocations=8 (full 0):
 garbage-first heap   total 290816K, used 14763K [0x0000000603c00000, 0x0000000800000000)
  region size 4096K, 2 young (8192K), 2 survivors (8192K)
 Metaspace       used 35761K, committed 36096K, reserved 1081344K
  class space    used 4412K, committed 4608K, reserved 1048576K
}
Event: 2.846 GC heap before
{Heap before GC invocations=9 (full 0):
 garbage-first heap   total 69632K, used 55723K [0x0000000603c00000, 0x0000000800000000)
  region size 4096K, 12 young (49152K), 2 survivors (8192K)
 Metaspace       used 39055K, committed 39424K, reserved 1089536K
  class space    used 4791K, committed 4992K, reserved 1048576K
}
Event: 2.853 GC heap after
{Heap after GC invocations=10 (full 0):
 garbage-first heap   total 69632K, used 17260K [0x0000000603c00000, 0x0000000800000000)
  region size 4096K, 1 young (4096K), 1 survivors (4096K)
 Metaspace       used 39055K, committed 39424K, reserved 1089536K
  class space    used 4791K, committed 4992K, reserved 1048576K
}
Event: 2.892 GC heap before
{Heap before GC invocations=10 (full 0):
 garbage-first heap   total 69632K, used 21356K [0x0000000603c00000, 0x0000000800000000)
  region size 4096K, 2 young (8192K), 1 survivors (4096K)
 Metaspace       used 39442K, committed 39808K, reserved 1089536K
  class space    used 4841K, committed 4992K, reserved 1048576K
}
Event: 2.896 GC heap after
{Heap after GC invocations=11 (full 0):
 garbage-first heap   total 69632K, used 17585K [0x0000000603c00000, 0x0000000800000000)
  region size 4096K, 1 young (4096K), 1 survivors (4096K)
 Metaspace       used 39442K, committed 39808K, reserved 1089536K
  class space    used 4841K, committed 4992K, reserved 1048576K
}
Event: 3.116 GC heap before
{Heap before GC invocations=11 (full 0):
 garbage-first heap   total 69632K, used 50353K [0x0000000603c00000, 0x0000000800000000)
  region size 4096K, 9 young (36864K), 1 survivors (4096K)
 Metaspace       used 42394K, committed 42752K, reserved 1089536K
  class space    used 5236K, committed 5376K, reserved 1048576K
}
Event: 3.119 GC heap after
{Heap after GC invocations=12 (full 0):
 garbage-first heap   total 299008K, used 18236K [0x0000000603c00000, 0x0000000800000000)
  region size 4096K, 1 young (4096K), 1 survivors (4096K)
 Metaspace       used 42394K, committed 42752K, reserved 1089536K
  class space    used 5236K, committed 5376K, reserved 1048576K
}
Event: 4.315 GC heap before
{Heap before GC invocations=12 (full 0):
 garbage-first heap   total 299008K, used 182076K [0x0000000603c00000, 0x0000000800000000)
  region size 4096K, 42 young (172032K), 1 survivors (4096K)
 Metaspace       used 60010K, committed 60416K, reserved 1105920K
  class space    used 7848K, committed 8064K, reserved 1048576K
}
Event: 4.321 GC heap after
{Heap after GC invocations=13 (full 0):
 garbage-first heap   total 299008K, used 22532K [0x0000000603c00000, 0x0000000800000000)
  region size 4096K, 2 young (8192K), 2 survivors (8192K)
 Metaspace       used 60010K, committed 60416K, reserved 1105920K
  class space    used 7848K, committed 8064K, reserved 1048576K
}
Event: 4.687 GC heap before
{Heap before GC invocations=14 (full 0):
 garbage-first heap   total 98304K, used 71684K [0x0000000603c00000, 0x0000000800000000)
  region size 4096K, 14 young (57344K), 2 survivors (8192K)
 Metaspace       used 63516K, committed 63872K, reserved 1105920K
  class space    used 8354K, committed 8512K, reserved 1048576K
}
Event: 4.693 GC heap after
{Heap after GC invocations=15 (full 0):
 garbage-first heap   total 98304K, used 24544K [0x0000000603c00000, 0x0000000800000000)
  region size 4096K, 1 young (4096K), 1 survivors (4096K)
 Metaspace       used 63516K, committed 63872K, reserved 1105920K
  class space    used 8354K, committed 8512K, reserved 1048576K
}
Event: 4.734 GC heap before
{Heap before GC invocations=15 (full 0):
 garbage-first heap   total 98304K, used 28640K [0x0000000603c00000, 0x0000000800000000)
  region size 4096K, 2 young (8192K), 1 survivors (4096K)
 Metaspace       used 63996K, committed 64384K, reserved 1105920K
  class space    used 8415K, committed 8576K, reserved 1048576K
}
Event: 4.737 GC heap after
{Heap after GC invocations=16 (full 0):
 garbage-first heap   total 98304K, used 24296K [0x0000000603c00000, 0x0000000800000000)
  region size 4096K, 1 young (4096K), 1 survivors (4096K)
 Metaspace       used 63996K, committed 64384K, reserved 1105920K
  class space    used 8415K, committed 8576K, reserved 1048576K
}
Event: 5.183 GC heap before
{Heap before GC invocations=16 (full 0):
 garbage-first heap   total 98304K, used 73448K [0x0000000603c00000, 0x0000000800000000)
  region size 4096K, 13 young (53248K), 1 survivors (4096K)
 Metaspace       used 66890K, committed 67392K, reserved 1114112K
  class space    used 8845K, committed 9088K, reserved 1048576K
}
Event: 5.187 GC heap after
{Heap after GC invocations=17 (full 0):
 garbage-first heap   total 311296K, used 26659K [0x0000000603c00000, 0x0000000800000000)
  region size 4096K, 2 young (8192K), 2 survivors (8192K)
 Metaspace       used 66890K, committed 67392K, reserved 1114112K
  class space    used 8845K, committed 9088K, reserved 1048576K
}

Deoptimization events (20 events):
Event: 136.462 Thread 0x000002a057758e90 DEOPT PACKING pc=0x000002a03c24433c sp=0x000000b5f51fc730
Event: 136.462 Thread 0x000002a057758e90 DEOPT UNPACKING pc=0x000002a03bb82b43 sp=0x000000b5f51fbcc8 mode 1
Event: 136.462 Thread 0x000002a057758e90 DEOPT PACKING pc=0x000002a03c22a334 sp=0x000000b5f51fad20
Event: 136.462 Thread 0x000002a057758e90 DEOPT UNPACKING pc=0x000002a03bb82b43 sp=0x000000b5f51fa258 mode 1
Event: 136.462 Thread 0x000002a057758e90 DEOPT PACKING pc=0x000002a03c22b56c sp=0x000000b5f51fae10
Event: 136.462 Thread 0x000002a057758e90 DEOPT UNPACKING pc=0x000002a03bb82b43 sp=0x000000b5f51fa3a8 mode 1
Event: 136.462 Thread 0x000002a057758e90 DEOPT PACKING pc=0x000002a03c22d74c sp=0x000000b5f51faf60
Event: 136.462 Thread 0x000002a057758e90 DEOPT UNPACKING pc=0x000002a03bb82b43 sp=0x000000b5f51fa530 mode 1
Event: 136.462 Thread 0x000002a057758e90 DEOPT PACKING pc=0x000002a03c000f64 sp=0x000000b5f51fa4f0
Event: 136.462 Thread 0x000002a057758e90 DEOPT UNPACKING pc=0x000002a03bb82b43 sp=0x000000b5f51f9988 mode 1
Event: 136.462 Thread 0x000002a057758e90 DEOPT PACKING pc=0x000002a03bff087c sp=0x000000b5f51fa5c0
Event: 136.462 Thread 0x000002a057758e90 DEOPT UNPACKING pc=0x000002a03bb82b43 sp=0x000000b5f51f9a78 mode 1
Event: 136.462 Thread 0x000002a057758e90 DEOPT PACKING pc=0x000002a03be884dc sp=0x000000b5f51fafb0
Event: 136.462 Thread 0x000002a057758e90 DEOPT UNPACKING pc=0x000002a03bb82b43 sp=0x000000b5f51fa4a0 mode 1
Event: 136.462 Thread 0x000002a057758e90 DEOPT PACKING pc=0x000002a03bff087c sp=0x000000b5f51fb120
Event: 136.462 Thread 0x000002a057758e90 DEOPT UNPACKING pc=0x000002a03bb82b43 sp=0x000000b5f51fa5d8 mode 1
Event: 136.462 Thread 0x000002a057758e90 DEOPT PACKING pc=0x000002a03be884dc sp=0x000000b5f51fbb10
Event: 136.462 Thread 0x000002a057758e90 DEOPT UNPACKING pc=0x000002a03bb82b43 sp=0x000000b5f51fb000 mode 1
Event: 136.462 Thread 0x000002a057758e90 DEOPT PACKING pc=0x000002a03be884dc sp=0x000000b5f51fc740
Event: 136.462 Thread 0x000002a057758e90 DEOPT UNPACKING pc=0x000002a03bb82b43 sp=0x000000b5f51fbc30 mode 1

Classes unloaded (0 events):
No events

Classes redefined (0 events):
No events

Internal exceptions (20 events):
Event: 4.807 Thread 0x000002a056a98050 Exception <a 'java/lang/ClassNotFoundException'{0x0000000608e24588}: org/springframework/beans/factory/AwareCustomizer> (0x0000000608e24588) 
thrown [e:\jenkins\tmp\workspace\build\src\src\hotspot\share\classfile\systemDictionary.cpp, line 256]
Event: 4.808 Thread 0x000002a056a98050 Exception <a 'java/lang/ClassNotFoundException'{0x0000000608e2a0e8}: org/springframework/context/ApplicationContextAwareCustomizer> (0x0000000608e2a0e8) 
thrown [e:\jenkins\tmp\workspace\build\src\src\hotspot\share\classfile\systemDictionary.cpp, line 256]
Event: 4.808 Thread 0x000002a056a98050 Exception <a 'java/lang/ClassNotFoundException'{0x0000000608e30ed0}: org/springframework/beans/factory/AwareCustomizer> (0x0000000608e30ed0) 
thrown [e:\jenkins\tmp\workspace\build\src\src\hotspot\share\classfile\systemDictionary.cpp, line 256]
Event: 4.808 Thread 0x000002a056a98050 Exception <a 'java/lang/ClassNotFoundException'{0x0000000608e36a48}: org/springframework/web/context/ServletContextAwareCustomizer> (0x0000000608e36a48) 
thrown [e:\jenkins\tmp\workspace\build\src\src\hotspot\share\classfile\systemDictionary.cpp, line 256]
Event: 4.809 Thread 0x000002a056a98050 Exception <a 'java/lang/ClassNotFoundException'{0x0000000608e3d5a0}: org/springframework/beans/factory/AwareCustomizer> (0x0000000608e3d5a0) 
thrown [e:\jenkins\tmp\workspace\build\src\src\hotspot\share\classfile\systemDictionary.cpp, line 256]
Event: 4.923 Thread 0x000002a056a98050 Exception <a 'java/lang/NoSuchMethodError'{0x000000060810b208}: 'void java.lang.invoke.DirectMethodHandle$Holder.invokeVirtual(java.lang.Object, java.lang.Object, int)'> (0x000000060810b208) 
thrown [e:\jenkins\tmp\workspace\build\src\src\hotspot\share\interpreter\linkResolver.cpp, line 766]
Event: 4.925 Thread 0x000002a056a98050 Exception <a 'java/lang/NoSuchMethodError'{0x0000000608125bb8}: 'void java.lang.invoke.DirectMethodHandle$Holder.invokeVirtual(java.lang.Object, java.lang.Object, long)'> (0x0000000608125bb8) 
thrown [e:\jenkins\tmp\workspace\build\src\src\hotspot\share\interpreter\linkResolver.cpp, line 766]
Event: 5.040 Thread 0x000002a056a98050 Exception <a 'java/lang/IncompatibleClassChangeError'{0x00000006075b9bc8}: Found class java.lang.Object, but interface was expected> (0x00000006075b9bc8) 
thrown [e:\jenkins\tmp\workspace\build\src\src\hotspot\share\interpreter\linkResolver.cpp, line 833]
Event: 5.140 Thread 0x000002a056a98050 Exception <a 'java/lang/ClassNotFoundException'{0x000000060682f058}: java/lang/ObjectCustomizer> (0x000000060682f058) 
thrown [e:\jenkins\tmp\workspace\build\src\src\hotspot\share\classfile\systemDictionary.cpp, line 256]
Event: 5.140 Thread 0x000002a056a98050 Exception <a 'java/lang/ClassNotFoundException'{0x0000000606837ce0}: org/mybatis/spring/SqlSessionFactoryBeanCustomizer> (0x0000000606837ce0) 
thrown [e:\jenkins\tmp\workspace\build\src\src\hotspot\share\classfile\systemDictionary.cpp, line 256]
Event: 5.143 Thread 0x000002a056a98050 Exception <a 'java/lang/ClassNotFoundException'{0x000000060687a078}: org/springframework/beans/factory/FactoryBeanCustomizer> (0x000000060687a078) 
thrown [e:\jenkins\tmp\workspace\build\src\src\hotspot\share\classfile\systemDictionary.cpp, line 256]
Event: 5.144 Thread 0x000002a056a98050 Exception <a 'java/lang/ClassNotFoundException'{0x00000006068825b8}: org/springframework/beans/factory/InitializingBeanCustomizer> (0x00000006068825b8) 
thrown [e:\jenkins\tmp\workspace\build\src\src\hotspot\share\classfile\systemDictionary.cpp, line 256]
Event: 5.144 Thread 0x000002a056a98050 Exception <a 'java/lang/ClassNotFoundException'{0x00000006068889c8}: org/springframework/context/ApplicationListenerCustomizer> (0x00000006068889c8) 
thrown [e:\jenkins\tmp\workspace\build\src\src\hotspot\share\classfile\systemDictionary.cpp, line 256]
Event: 5.146 Thread 0x000002a056a98050 Exception <a 'java/lang/ClassNotFoundException'{0x00000006068907d8}: java/util/EventListenerCustomizer> (0x00000006068907d8) 
thrown [e:\jenkins\tmp\workspace\build\src\src\hotspot\share\classfile\systemDictionary.cpp, line 256]
Event: 5.263 Thread 0x000002a056a98050 Exception <a 'java/lang/NoSuchMethodError'{0x0000000616796758}: 'java.lang.Object java.lang.invoke.DirectMethodHandle$Holder.invokeSpecial(java.lang.Object, java.lang.Object, int, java.lang.Object, int, java.lang.Object)'> (0x0000000616796758) 
thrown [e:\jenkins\tmp\workspace\build\src\src\hotspot\share\interpreter\linkResolver.cpp, line 766]
Event: 5.264 Thread 0x000002a056a98050 Exception <a 'java/lang/NoSuchMethodError'{0x000000061679e800}: 'java.lang.Object java.lang.invoke.DirectMethodHandle$Holder.newInvokeSpecial(java.lang.Object, java.lang.Object, int, java.lang.Object, int)'> (0x000000061679e800) 
thrown [e:\jenkins\tmp\workspace\build\src\src\hotspot\share\interpreter\linkResolver.cpp, line 766]
Event: 5.264 Thread 0x000002a056a98050 Exception <a 'java/lang/NoSuchMethodError'{0x00000006167a2900}: 'java.lang.Object java.lang.invoke.DirectMethodHandle$Holder.invokeSpecial(java.lang.Object, java.lang.Object, java.lang.Object, int, java.lang.Object, int)'> (0x00000006167a2900) 
thrown [e:\jenkins\tmp\workspace\build\src\src\hotspot\share\interpreter\linkResolver.cpp, line 766]
Event: 5.266 Thread 0x000002a056a98050 Exception <a 'java/lang/NoSuchMethodError'{0x00000006167b1f78}: 'void java.lang.invoke.DirectMethodHandle$Holder.invokeVirtual(java.lang.Object, java.lang.Object)'> (0x00000006167b1f78) 
thrown [e:\jenkins\tmp\workspace\build\src\src\hotspot\share\interpreter\linkResolver.cpp, line 766]
Event: 132.418 Thread 0x000002a057758e90 Exception <a 'java/lang/reflect/InvocationTargetException'{0x00000006140ab878}> (0x00000006140ab878) 
thrown [e:\jenkins\tmp\workspace\build\src\src\hotspot\share\runtime\reflection.cpp, line 1121]
Event: 136.433 Thread 0x000002a057758e90 Exception <a 'java/lang/NoClassDefFoundError'{0x0000000613de6eb0}: sun/reflect/Reflection> (0x0000000613de6eb0) 
thrown [e:\jenkins\tmp\workspace\build\src\src\hotspot\share\classfile\systemDictionary.cpp, line 245]

VM Operations (20 events):
Event: 136.735 Executing VM operation: get/set locals done
Event: 136.735 Executing VM operation: get/set locals
Event: 136.736 Executing VM operation: get/set locals done
Event: 136.736 Executing VM operation: get/set locals
Event: 136.736 Executing VM operation: get/set locals done
Event: 136.737 Executing VM operation: get/set locals
Event: 136.737 Executing VM operation: get/set locals done
Event: 136.738 Executing VM operation: get/set locals
Event: 136.738 Executing VM operation: get/set locals done
Event: 136.738 Executing VM operation: get/set locals
Event: 136.738 Executing VM operation: get/set locals done
Event: 136.739 Executing VM operation: get/set locals
Event: 136.739 Executing VM operation: get/set locals done
Event: 185.056 Executing VM operation: Cleanup
Event: 185.056 Executing VM operation: Cleanup done
Event: 186.068 Executing VM operation: Cleanup
Event: 186.068 Executing VM operation: Cleanup done
Event: 193.116 Executing VM operation: Cleanup
Event: 193.116 Executing VM operation: Cleanup done
Event: 195.514 Executing VM operation: RedefineClasses

Events (20 events):
Event: 91.035 Thread 0x000002a056f57c20 Thread exited: 0x000002a056f57c20
Event: 91.035 Thread 0x000002a056f58f60 Thread exited: 0x000002a056f58f60
Event: 91.035 Thread 0x000002a056f57750 Thread exited: 0x000002a056f57750
Event: 91.035 Thread 0x000002a056f5b5e0 Thread exited: 0x000002a056f5b5e0
Event: 91.035 Thread 0x000002a056f56db0 Thread exited: 0x000002a056f56db0
Event: 91.035 Thread 0x000002a056b512c0 Thread exited: 0x000002a056b512c0
Event: 136.433 loading class sun/reflect/Reflection
Event: 136.433 loading class sun/reflect/Reflection done
Event: 136.436 loading class jdk/internal/loader/BootLoader$PackageHelper
Event: 136.436 loading class jdk/internal/loader/BootLoader$PackageHelper done
Event: 136.446 loading class java/lang/Throwable$WrappedPrintWriter
Event: 136.446 loading class java/lang/Throwable$WrappedPrintWriter done
Event: 136.476 loading class java/nio/StringCharBuffer
Event: 136.476 loading class java/nio/StringCharBuffer done
Event: 136.476 loading class sun/nio/cs/ISO_8859_1$Encoder
Event: 136.477 loading class sun/nio/cs/ISO_8859_1$Encoder done
Event: 136.477 loading class sun/nio/cs/Surrogate$Parser
Event: 136.477 loading class sun/nio/cs/Surrogate$Parser done
Event: 136.477 loading class sun/nio/cs/Surrogate
Event: 136.477 loading class sun/nio/cs/Surrogate done


Dynamic libraries:
0x00007ff62f510000 - 0x00007ff62f51e000 	C:\Users\501-01\Downloads\spring-tool-suite-4-4.15.0.RELEASE-e4.24.0-win32.win32.x86_64.self-extracting\contents\sts-4.15.0.RELEASE\plugins\org.eclipse.justj.openjdk.hotspot.jre.full.win32.x86_64_17.0.3.v20220515-1416\jre\bin\javaw.exe
0x00007fff32b30000 - 0x00007fff32d28000 	C:\WINDOWS\SYSTEM32\ntdll.dll
0x00007fff325e0000 - 0x00007fff3269d000 	C:\WINDOWS\System32\KERNEL32.DLL
0x00007fff307f0000 - 0x00007fff30abe000 	C:\WINDOWS\System32\KERNELBASE.dll
0x00007fff304c0000 - 0x00007fff305c0000 	C:\WINDOWS\System32\ucrtbase.dll
0x00007fff1ba90000 - 0x00007fff1baa8000 	C:\Users\501-01\Downloads\spring-tool-suite-4-4.15.0.RELEASE-e4.24.0-win32.win32.x86_64.self-extracting\contents\sts-4.15.0.RELEASE\plugins\org.eclipse.justj.openjdk.hotspot.jre.full.win32.x86_64_17.0.3.v20220515-1416\jre\bin\jli.dll
0x00007fff31940000 - 0x00007fff31ae0000 	C:\WINDOWS\System32\USER32.dll
0x00007fff307c0000 - 0x00007fff307e2000 	C:\WINDOWS\System32\win32u.dll
0x00007fff31410000 - 0x00007fff3143a000 	C:\WINDOWS\System32\GDI32.dll
0x00007fff303b0000 - 0x00007fff304bb000 	C:\WINDOWS\System32\gdi32full.dll
0x00007fff30af0000 - 0x00007fff30b8d000 	C:\WINDOWS\System32\msvcp_win.dll
0x00007fff17500000 - 0x00007fff17519000 	C:\Users\501-01\Downloads\spring-tool-suite-4-4.15.0.RELEASE-e4.24.0-win32.win32.x86_64.self-extracting\contents\sts-4.15.0.RELEASE\plugins\org.eclipse.justj.openjdk.hotspot.jre.full.win32.x86_64_17.0.3.v20220515-1416\jre\bin\VCRUNTIME140.dll
0x00007fff22bd0000 - 0x00007fff22e6a000 	C:\WINDOWS\WinSxS\amd64_microsoft.windows.common-controls_6595b64144ccf1df_6.0.19041.1110_none_60b5254171f9507e\COMCTL32.dll
0x00007fff31440000 - 0x00007fff314de000 	C:\WINDOWS\System32\msvcrt.dll
0x00007fff32a60000 - 0x00007fff32a90000 	C:\WINDOWS\System32\IMM32.DLL
0x00007fff268d0000 - 0x00007fff268dc000 	C:\Users\501-01\Downloads\spring-tool-suite-4-4.15.0.RELEASE-e4.24.0-win32.win32.x86_64.self-extracting\contents\sts-4.15.0.RELEASE\plugins\org.eclipse.justj.openjdk.hotspot.jre.full.win32.x86_64_17.0.3.v20220515-1416\jre\bin\vcruntime140_1.dll
0x00007fff15f70000 - 0x00007fff16001000 	C:\Users\501-01\Downloads\spring-tool-suite-4-4.15.0.RELEASE-e4.24.0-win32.win32.x86_64.self-extracting\contents\sts-4.15.0.RELEASE\plugins\org.eclipse.justj.openjdk.hotspot.jre.full.win32.x86_64_17.0.3.v20220515-1416\jre\bin\msvcp140.dll
0x00007ffec7e50000 - 0x00007ffec8a98000 	C:\Users\501-01\Downloads\spring-tool-suite-4-4.15.0.RELEASE-e4.24.0-win32.win32.x86_64.self-extracting\contents\sts-4.15.0.RELEASE\plugins\org.eclipse.justj.openjdk.hotspot.jre.full.win32.x86_64_17.0.3.v20220515-1416\jre\bin\server\jvm.dll
0x00007fff31360000 - 0x00007fff3140e000 	C:\WINDOWS\System32\ADVAPI32.dll
0x00007fff32750000 - 0x00007fff327ec000 	C:\WINDOWS\System32\sechost.dll
0x00007fff317a0000 - 0x00007fff318c5000 	C:\WINDOWS\System32\RPCRT4.dll
0x00007fff31930000 - 0x00007fff31938000 	C:\WINDOWS\System32\PSAPI.DLL
0x00007fff23660000 - 0x00007fff23669000 	C:\WINDOWS\SYSTEM32\WSOCK32.dll
0x00007fff291c0000 - 0x00007fff291e7000 	C:\WINDOWS\SYSTEM32\WINMM.dll
0x00007fff276b0000 - 0x00007fff276ba000 	C:\WINDOWS\SYSTEM32\VERSION.dll
0x00007fff31730000 - 0x00007fff3179b000 	C:\WINDOWS\System32\WS2_32.dll
0x00007fff2e170000 - 0x00007fff2e182000 	C:\WINDOWS\SYSTEM32\kernel.appcore.dll
0x00007fff2b450000 - 0x00007fff2b45a000 	C:\Users\501-01\Downloads\spring-tool-suite-4-4.15.0.RELEASE-e4.24.0-win32.win32.x86_64.self-extracting\contents\sts-4.15.0.RELEASE\plugins\org.eclipse.justj.openjdk.hotspot.jre.full.win32.x86_64_17.0.3.v20220515-1416\jre\bin\jimage.dll
0x00007fff293e0000 - 0x00007fff295c4000 	C:\WINDOWS\SYSTEM32\DBGHELP.DLL
0x00007fff293b0000 - 0x00007fff293dc000 	C:\WINDOWS\SYSTEM32\dbgcore.DLL
0x00007fff305c0000 - 0x00007fff30642000 	C:\WINDOWS\System32\bcryptPrimitives.dll
0x00007fff171c0000 - 0x00007fff171fb000 	C:\Users\501-01\Downloads\spring-tool-suite-4-4.15.0.RELEASE-e4.24.0-win32.win32.x86_64.self-extracting\contents\sts-4.15.0.RELEASE\plugins\org.eclipse.justj.openjdk.hotspot.jre.full.win32.x86_64_17.0.3.v20220515-1416\jre\bin\jdwp.dll
0x00007fff1bae0000 - 0x00007fff1baee000 	C:\Users\501-01\Downloads\spring-tool-suite-4-4.15.0.RELEASE-e4.24.0-win32.win32.x86_64.self-extracting\contents\sts-4.15.0.RELEASE\plugins\org.eclipse.justj.openjdk.hotspot.jre.full.win32.x86_64_17.0.3.v20220515-1416\jre\bin\instrument.dll
0x00007fff22950000 - 0x00007fff22975000 	C:\Users\501-01\Downloads\spring-tool-suite-4-4.15.0.RELEASE-e4.24.0-win32.win32.x86_64.self-extracting\contents\sts-4.15.0.RELEASE\plugins\org.eclipse.justj.openjdk.hotspot.jre.full.win32.x86_64_17.0.3.v20220515-1416\jre\bin\java.dll
0x00007fff23670000 - 0x00007fff23688000 	C:\Users\501-01\Downloads\spring-tool-suite-4-4.15.0.RELEASE-e4.24.0-win32.win32.x86_64.self-extracting\contents\sts-4.15.0.RELEASE\plugins\org.eclipse.justj.openjdk.hotspot.jre.full.win32.x86_64_17.0.3.v20220515-1416\jre\bin\zip.dll
0x00007fff30c10000 - 0x00007fff31354000 	C:\WINDOWS\System32\SHELL32.dll
0x00007fff2e370000 - 0x00007fff2eb04000 	C:\WINDOWS\SYSTEM32\windows.storage.dll
0x00007fff31ae0000 - 0x00007fff31e34000 	C:\WINDOWS\System32\combase.dll
0x00007fff2fcb0000 - 0x00007fff2fce0000 	C:\WINDOWS\SYSTEM32\Wldp.dll
0x00007fff326a0000 - 0x00007fff3274d000 	C:\WINDOWS\System32\SHCORE.dll
0x00007fff318d0000 - 0x00007fff31925000 	C:\WINDOWS\System32\shlwapi.dll
0x00007fff30190000 - 0x00007fff301af000 	C:\WINDOWS\SYSTEM32\profapi.dll
0x00007fff1bad0000 - 0x00007fff1badc000 	C:\Users\501-01\Downloads\spring-tool-suite-4-4.15.0.RELEASE-e4.24.0-win32.win32.x86_64.self-extracting\contents\sts-4.15.0.RELEASE\plugins\org.eclipse.justj.openjdk.hotspot.jre.full.win32.x86_64_17.0.3.v20220515-1416\jre\bin\dt_socket.dll
0x00007fff2f690000 - 0x00007fff2f6cb000 	C:\WINDOWS\SYSTEM32\IPHLPAPI.DLL
0x00007fff2f9a0000 - 0x00007fff2fa0a000 	C:\WINDOWS\system32\mswsock.dll
0x00007fff2f720000 - 0x00007fff2f7eb000 	C:\WINDOWS\SYSTEM32\DNSAPI.dll
0x00007fff32a50000 - 0x00007fff32a58000 	C:\WINDOWS\System32\NSI.dll
0x00007fff2a440000 - 0x00007fff2a44a000 	C:\Windows\System32\rasadhlp.dll
0x00007fff2a1c0000 - 0x00007fff2a240000 	C:\WINDOWS\System32\fwpuclnt.dll
0x00007fff30ac0000 - 0x00007fff30ae7000 	C:\WINDOWS\System32\bcrypt.dll
0x00007fff1bd90000 - 0x00007fff1bda9000 	C:\Users\501-01\Downloads\spring-tool-suite-4-4.15.0.RELEASE-e4.24.0-win32.win32.x86_64.self-extracting\contents\sts-4.15.0.RELEASE\plugins\org.eclipse.justj.openjdk.hotspot.jre.full.win32.x86_64_17.0.3.v20220515-1416\jre\bin\net.dll
0x00007fff2a530000 - 0x00007fff2a63a000 	C:\WINDOWS\SYSTEM32\WINHTTP.dll
0x00007fff1bd70000 - 0x00007fff1bd85000 	C:\Users\501-01\Downloads\spring-tool-suite-4-4.15.0.RELEASE-e4.24.0-win32.win32.x86_64.self-extracting\contents\sts-4.15.0.RELEASE\plugins\org.eclipse.justj.openjdk.hotspot.jre.full.win32.x86_64_17.0.3.v20220515-1416\jre\bin\nio.dll
0x00007fff25a00000 - 0x00007fff25a09000 	C:\Users\501-01\Downloads\spring-tool-suite-4-4.15.0.RELEASE-e4.24.0-win32.win32.x86_64.self-extracting\contents\sts-4.15.0.RELEASE\plugins\org.eclipse.justj.openjdk.hotspot.jre.full.win32.x86_64_17.0.3.v20220515-1416\jre\bin\management.dll
0x00007fff22a90000 - 0x00007fff22a9b000 	C:\Users\501-01\Downloads\spring-tool-suite-4-4.15.0.RELEASE-e4.24.0-win32.win32.x86_64.self-extracting\contents\sts-4.15.0.RELEASE\plugins\org.eclipse.justj.openjdk.hotspot.jre.full.win32.x86_64_17.0.3.v20220515-1416\jre\bin\management_ext.dll
0x00007fff29040000 - 0x00007fff29057000 	C:\WINDOWS\system32\napinsp.dll
0x00007fff29020000 - 0x00007fff2903b000 	C:\WINDOWS\system32\pnrpnsp.dll
0x00007fff2b3e0000 - 0x00007fff2b3fd000 	C:\WINDOWS\system32\NLAapi.dll
0x00007fff288f0000 - 0x00007fff28905000 	C:\WINDOWS\system32\wshbth.dll
0x00007fff24700000 - 0x00007fff24712000 	C:\WINDOWS\System32\winrnr.dll
0x00007fff2fba0000 - 0x00007fff2fbb8000 	C:\WINDOWS\SYSTEM32\CRYPTSP.dll
0x00007fff2f2c0000 - 0x00007fff2f2f4000 	C:\WINDOWS\system32\rsaenh.dll
0x00007fff30110000 - 0x00007fff3013e000 	C:\WINDOWS\SYSTEM32\USERENV.dll
0x00007fff2fb90000 - 0x00007fff2fb9c000 	C:\WINDOWS\SYSTEM32\CRYPTBASE.dll
0x00007fff2b400000 - 0x00007fff2b417000 	C:\WINDOWS\SYSTEM32\dhcpcsvc6.DLL
0x00007fff2b620000 - 0x00007fff2b63d000 	C:\WINDOWS\SYSTEM32\dhcpcsvc.DLL
0x00007fff288c0000 - 0x00007fff288d0000 	C:\Users\501-01\Downloads\spring-tool-suite-4-4.15.0.RELEASE-e4.24.0-win32.win32.x86_64.self-extracting\contents\sts-4.15.0.RELEASE\plugins\org.eclipse.justj.openjdk.hotspot.jre.full.win32.x86_64_17.0.3.v20220515-1416\jre\bin\verify.dll
0x00007fff26910000 - 0x00007fff2691e000 	C:\Users\501-01\Downloads\spring-tool-suite-4-4.15.0.RELEASE-e4.24.0-win32.win32.x86_64.self-extracting\contents\sts-4.15.0.RELEASE\plugins\org.eclipse.justj.openjdk.hotspot.jre.full.win32.x86_64_17.0.3.v20220515-1416\jre\bin\sunmscapi.dll
0x00007fff30250000 - 0x00007fff303a6000 	C:\WINDOWS\System32\CRYPT32.dll
0x00007fff2fd20000 - 0x00007fff2fd47000 	C:\WINDOWS\SYSTEM32\ncrypt.dll
0x00007fff2fce0000 - 0x00007fff2fd1b000 	C:\WINDOWS\SYSTEM32\NTASN1.dll
0x00007fff1bac0000 - 0x00007fff1bac7000 	C:\WINDOWS\system32\wshunix.dll

dbghelp: loaded successfully - version: 4.0.5 - missing functions: none
symbol engine: initialized successfully - sym options: 0x614 - pdb path: .;C:\Users\501-01\Downloads\spring-tool-suite-4-4.15.0.RELEASE-e4.24.0-win32.win32.x86_64.self-extracting\contents\sts-4.15.0.RELEASE\plugins\org.eclipse.justj.openjdk.hotspot.jre.full.win32.x86_64_17.0.3.v20220515-1416\jre\bin;C:\WINDOWS\SYSTEM32;C:\WINDOWS\WinSxS\amd64_microsoft.windows.common-controls_6595b64144ccf1df_6.0.19041.1110_none_60b5254171f9507e;C:\Users\501-01\Downloads\spring-tool-suite-4-4.15.0.RELEASE-e4.24.0-win32.win32.x86_64.self-extracting\contents\sts-4.15.0.RELEASE\plugins\org.eclipse.justj.openjdk.hotspot.jre.full.win32.x86_64_17.0.3.v20220515-1416\jre\bin\server

VM Arguments:
jvm_args: -XX:+ShowCodeDetailsInExceptionMessages -agentlib:jdwp=transport=dt_socket,suspend=y,address=localhost:61107 -Dcom.sun.management.jmxremote -Dcom.sun.management.jmxremote.port=61105 -Dcom.sun.management.jmxremote.authenticate=false -Dcom.sun.management.jmxremote.ssl=false -Djava.rmi.server.hostname=localhost -Dspring.jmx.enabled=true -Dspring.application.admin.enabled=true -XX:TieredStopAtLevel=1 -Dspring.boot.project.name=SpringReply -javaagent:C:\Users\501-01\Downloads\spring-tool-suite-4-4.15.0.RELEASE-e4.24.0-win32.win32.x86_64.self-extracting\contents\sts-4.15.0.RELEASE\configuration\org.eclipse.osgi\258\0\.cp\lib\javaagent-shaded.jar -Dfile.encoding=UTF-8 
java_command: kr.ac.kopo.ctc.spring.replyBoard.SpringReplyApplication --spring.output.ansi.enabled=always
java_class_path (initial): C:\Users\501-01\Documents\workspace-spring-tool-suite-4-4.15.0.RELEASE\SpringReply\target\classes;C:\Users\501-01\.m2\repository\org\springframework\boot\spring-boot-starter-data-jpa\2.7.1\spring-boot-starter-data-jpa-2.7.1.jar;C:\Users\501-01\.m2\repository\org\springframework\boot\spring-boot-starter-jdbc\2.7.1\spring-boot-starter-jdbc-2.7.1.jar;C:\Users\501-01\.m2\repository\com\zaxxer\HikariCP\4.0.3\HikariCP-4.0.3.jar;C:\Users\501-01\.m2\repository\org\springframework\spring-jdbc\5.3.21\spring-jdbc-5.3.21.jar;C:\Users\501-01\.m2\repository\jakarta\transaction\jakarta.transaction-api\1.3.3\jakarta.transaction-api-1.3.3.jar;C:\Users\501-01\.m2\repository\jakarta\persistence\jakarta.persistence-api\2.2.3\jakarta.persistence-api-2.2.3.jar;C:\Users\501-01\.m2\repository\org\hibernate\hibernate-core\5.6.9.Final\hibernate-core-5.6.9.Final.jar;C:\Users\501-01\.m2\repository\org\jboss\logging\jboss-logging\3.4.3.Final\jboss-logging-3.4.3.Final.jar;C:\Users\501-01\.m2\repository\net\bytebuddy\byte-buddy\1.12.11\byte-buddy-1.12.11.jar;C:\Users\501-01\.m2\repository\antlr\antlr\2.7.7\antlr-2.7.7.jar;C:\Users\501-01\.m2\repository\org\jboss\jandex\2.4.2.Final\jandex-2.4.2.Final.jar;C:\Users\501-01\.m2\repository\com\fasterxml\classmate\1.5.1\classmate-1.5.1.jar;C:\Users\501-01\.m2\repository\org\hibernate\common\hibernate-commons-annotations\5.1.2.Final\hibernate-commons-annotations-5.1.2.Final.jar;C:\Users\501-01\.m2\repository\org\glassfish\jaxb\jaxb-runtime\2.3.6\jaxb-runtime-2.3.6.jar;C:\Users\501-01\.m2\repository\org\glassfish\jaxb\txw2\2.3.6\txw2-2.3.6.jar;C:\Users\501-01\.m2\repository\com\sun\istack\istack-commons-runtime\3.0.12\istack-commons-runtime-3.0.12.jar;C:\Users\501-01\.m2\repository\com\sun\activation\jakarta.activation\1.2.2\jakarta.activation-1.2.2.jar;C:\Users\501-01\.m2\repository\org\springframework\data\spring-data-jpa\2.7.1\spring-data-jpa-2.7.1.jar;C:\Users\501-01\.m2\repository\org\springframework\data\spring-data-comm
Launcher Type: SUN_STANDARD

[Global flags]
     intx CICompilerCount                          = 4                                         {product} {ergonomic}
     uint ConcGCThreads                            = 2                                         {product} {ergonomic}
     uint G1ConcRefinementThreads                  = 8                                         {product} {ergonomic}
   size_t G1HeapRegionSize                         = 4194304                                   {product} {ergonomic}
    uintx GCDrainStackTargetSize                   = 64                                        {product} {ergonomic}
   size_t InitialHeapSize                          = 536870912                                 {product} {ergonomic}
     bool ManagementServer                         = true                                      {product} {command line}
   size_t MarkStackSize                            = 4194304                                   {product} {ergonomic}
   size_t MaxHeapSize                              = 8527020032                                {product} {ergonomic}
   size_t MaxNewSize                               = 5112856576                                {product} {ergonomic}
   size_t MinHeapDeltaBytes                        = 4194304                                   {product} {ergonomic}
   size_t MinHeapSize                              = 8388608                                   {product} {ergonomic}
    uintx NonProfiledCodeHeapSize                  = 0                                      {pd product} {ergonomic}
     bool ProfileInterpreter                       = false                                  {pd product} {command line}
    uintx ProfiledCodeHeapSize                     = 0                                      {pd product} {ergonomic}
     bool ShowCodeDetailsInExceptionMessages       = true                                   {manageable} {command line}
   size_t SoftMaxHeapSize                          = 8527020032                             {manageable} {ergonomic}
     intx TieredStopAtLevel                        = 1                                         {product} {command line}
     bool UseCompressedClassPointers               = true                           {product lp64_product} {ergonomic}
     bool UseCompressedOops                        = true                           {product lp64_product} {ergonomic}
     bool UseG1GC                                  = true                                      {product} {ergonomic}
     bool UseLargePagesIndividualAllocation        = false                                  {pd product} {ergonomic}

Logging:
Log output configuration:
 #0: stdout all=warning uptime,level,tags
 #1: stderr all=off uptime,level,tags

Environment Variables:
JAVA_HOME=C:\Program Files\Java\jre1.8.0_321
PATH=C:\Users\501-01\Downloads\spring-tool-suite-4-4.15.0.RELEASE-e4.24.0-win32.win32.x86_64.self-extracting\contents\sts-4.15.0.RELEASE\plugins\org.eclipse.justj.openjdk.hotspot.jre.full.win32.x86_64_17.0.3.v20220515-1416\jre\bin;C:/Users/501-01/Downloads/spring-tool-suite-4-4.15.0.RELEASE-e4.24.0-win32.win32.x86_64.self-extracting/contents/sts-4.15.0.RELEASE//plugins/org.eclipse.justj.openjdk.hotspot.jre.full.win32.x86_64_17.0.3.v20220515-1416/jre/bin/server;C:/Users/501-01/Downloads/spring-tool-suite-4-4.15.0.RELEASE-e4.24.0-win32.win32.x86_64.self-extracting/contents/sts-4.15.0.RELEASE//plugins/org.eclipse.justj.openjdk.hotspot.jre.full.win32.x86_64_17.0.3.v20220515-1416/jre/bin;C:\Program Files (x86)\Common Files\Oracle\Java\javapath;C:\WINDOWS\system32;C:\WINDOWS;C:\WINDOWS\System32\Wbem;C:\WINDOWS\System32\WindowsPowerShell\v1.0\;C:\WINDOWS\System32\OpenSSH\;C:\Program Files\PuTTY\;C:\Program Files\TortoiseGit\bin;C:\Program Files\Git\cmd;C:\Program Files\Java\jre1.8.0_321;C:\Windows\System32;C:\Users\501-01;C:\Program Files\nodejs\;C:\Users\501-01\AppData\Local\Programs\Python\Python38\Scripts\;C:\Users\501-01\AppData\Local\Programs\Python\Python38\;C:\Users\501-01\AppData\Local\Microsoft\WindowsApps;C:\Users\501-01\AppData\Local\Programs\Microsoft VS Code\bin;C:\Users\501-01\AppData\Local\GitHubDesktop\bin;C:\Users\501-01\AppData\Roaming\npm;C:\Users\501-01\Downloads\spring-tool-suite-4-4.15.0.RELEASE-e4.24.0-win32.win32.x86_64.self-extracting\contents\sts-4.15.0.RELEASE;
USERNAME=501-01
OS=Windows_NT
PROCESSOR_IDENTIFIER=Intel64 Family 6 Model 60 Stepping 3, GenuineIntel



---------------  S Y S T E M  ---------------

OS:
 Windows 10 , 64 bit Build 19041 (10.0.19041.1806)
OS uptime: 8 days 14:29 hours

CPU: total 8 (initial active 8) (4 cores per cpu, 2 threads per core) family 6 model 60 stepping 3 microcode 0x27, cx8, cmov, fxsr, ht, mmx, sse, sse2, sse3, ssse3, sse4.1, sse4.2, popcnt, lzcnt, tsc, tscinvbit, avx, avx2, aes, erms, clmul, bmi1, bmi2, fma, vzeroupper, clflush

Memory: 4k page, system-wide physical 32520M (18048M free)
TotalPageFile size 37384M (AvailPageFile size 15358M)
current process WorkingSet (physical memory assigned to process): 278M, peak: 375M
current process commit charge ("private bytes"): 499M, peak: 634M

vm_info: OpenJDK 64-Bit Server VM (17.0.3+7) for windows-amd64 JRE (17.0.3+7), built on Apr 19 2022 16:55:35 by "" with MS VC++ 16.7 (VS2019)

END.
